生成启动时间为 2017/11/18 17:24:34。
     1>项目“I:\Projects\Git\QGettingStarted\QGettingStart\QGettingStart.vcxproj”在节点 2 上(Rebuild 个目标)。
     1>ClCompile:
         D:\Microsoft Visual Studio 12.0\VC\bin\CL.exe /c /I. /ID:\Qt\Qt5.7.1\5.7\msvc2013\include /I.\GeneratedFiles\Release /ID:\Qt\Qt5.7.1\5.7\msvc2013\include\QtCore /nologo /W1 /WX- /O2 /Oy- /D UNICODE /D WIN32 /D WIN64 /D QT_DLL /D QT_NO_DEBUG /D NDEBUG /D QT_CORE_LIB /Gm- /EHsc /MD /GS /fp:precise /Zc:wchar_t /Zc:forScope /Fo"Release\\" /Fd"Release\vc120.pdb" /Gd /TP /analyze- /errorReport:prompt main.cpp QGSGame.cpp QGSGameBuilder.cpp QGSLauncher.cpp QGSUtil.cpp
         main.cpp
         QGSGame.cpp
         QGSGameBuilder.cpp
         QGSLauncher.cpp
         QGSUtil.cpp
         正在生成代码...
       Link:
         D:\Microsoft Visual Studio 12.0\VC\bin\link.exe /ERRORREPORT:PROMPT /OUT:"I:\Projects\Git\QGettingStarted\Win32\Release\\QGettingStart.exe" /NOLOGO /LIBPATH:D:\Qt\Qt5.7.1\5.7\msvc2013\lib qtmain.lib Qt5Core.lib kernel32.lib user32.lib gdi32.lib winspool.lib comdlg32.lib advapi32.lib shell32.lib ole32.lib oleaut32.lib uuid.lib odbc32.lib odbccp32.lib /MANIFEST /MANIFESTUAC:"level='asInvoker' uiAccess='false'" /manifest:embed /DEBUG /PDB:"I:\Projects\Git\QGettingStarted\Win32\Release\QGettingStart.pdb" /SUBSYSTEM:CONSOLE /TLBID:1 /DYNAMICBASE /NXCOMPAT /IMPLIB:"I:\Projects\Git\QGettingStarted\Win32\Release\QGettingStart.lib" /MACHINE:X86 /SAFESEH Release\main.obj
         Release\QGSGame.obj
         Release\QGSGameBuilder.obj
         Release\QGSLauncher.obj
         Release\QGSUtil.obj
         QGettingStart.vcxproj -> I:\Projects\Git\QGettingStarted\Win32\Release\QGettingStart.exe
     1>已完成生成项目“I:\Projects\Git\QGettingStarted\QGettingStart\QGettingStart.vcxproj”(Rebuild 个目标)的操作。

生成成功。

已用时间 00:00:06.90
