生成启动时间为 2017/11/18 17:24:10。
     1>项目“I:\Projects\Git\QGettingStarted\QGettingStart_Network\QGettingStart_Network.vcxproj”在节点 5 上(Build 个目标)。
     1>CustomBuild:
         Moc'ing QGSNetwork.h...
         Moc'ing QGSAuthReply.h...
         Moc'ing QGSAuthRequest.h...
         Moc'ing QGSDownloadRequest.h...
         Moc'ing QGSDownloader.h...
         Moc'ing QGSDownloadManager.h...
     1>C:\Program Files (x86)\MSBuild\Microsoft.Cpp\v4.0\V120\Microsoft.CppBuild.targets(935,5): warning MSB8027: Two or more files with the name of moc_QGSAuthReply.cpp will produce outputs to the same location. This can lead to an incorrect build result.  The files involved are GeneratedFiles\Debug\moc_QGSAuthReply.cpp, GeneratedFiles\Release\moc_QGSAuthReply.cpp.
     1>C:\Program Files (x86)\MSBuild\Microsoft.Cpp\v4.0\V120\Microsoft.CppBuild.targets(935,5): warning MSB8027: Two or more files with the name of moc_QGSAuthRequest.cpp will produce outputs to the same location. This can lead to an incorrect build result.  The files involved are GeneratedFiles\Debug\moc_QGSAuthRequest.cpp, GeneratedFiles\Release\moc_QGSAuthRequest.cpp.
     1>C:\Program Files (x86)\MSBuild\Microsoft.Cpp\v4.0\V120\Microsoft.CppBuild.targets(935,5): warning MSB8027: Two or more files with the name of moc_QGSDownloader.cpp will produce outputs to the same location. This can lead to an incorrect build result.  The files involved are GeneratedFiles\Debug\moc_QGSDownloader.cpp, GeneratedFiles\Release\moc_QGSDownloader.cpp.
     1>C:\Program Files (x86)\MSBuild\Microsoft.Cpp\v4.0\V120\Microsoft.CppBuild.targets(935,5): warning MSB8027: Two or more files with the name of moc_QGSDownloadManager.cpp will produce outputs to the same location. This can lead to an incorrect build result.  The files involved are GeneratedFiles\Debug\moc_QGSDownloadManager.cpp, GeneratedFiles\Release\moc_QGSDownloadManager.cpp.
     1>C:\Program Files (x86)\MSBuild\Microsoft.Cpp\v4.0\V120\Microsoft.CppBuild.targets(935,5): warning MSB8027: Two or more files with the name of moc_QGSDownloadRequest.cpp will produce outputs to the same location. This can lead to an incorrect build result.  The files involved are GeneratedFiles\Debug\moc_QGSDownloadRequest.cpp, GeneratedFiles\Release\moc_QGSDownloadRequest.cpp.
     1>C:\Program Files (x86)\MSBuild\Microsoft.Cpp\v4.0\V120\Microsoft.CppBuild.targets(935,5): warning MSB8027: Two or more files with the name of moc_QGSNetwork.cpp will produce outputs to the same location. This can lead to an incorrect build result.  The files involved are GeneratedFiles\Debug\moc_QGSNetwork.cpp, GeneratedFiles\Release\moc_QGSNetwork.cpp.
       ClCompile:
         D:\Microsoft Visual Studio 12.0\VC\bin\CL.exe /c /I. /ID:\Qt\Qt5.7.1\5.7\msvc2013\include /I.\GeneratedFiles\Debug /ID:\Qt\Qt5.7.1\5.7\msvc2013\include\QtCore /ID:\Qt\Qt5.7.1\5.7\msvc2013\include\QtNetwork /Zi /nologo /W1 /WX- /Od /Oy- /D UNICODE /D WIN32 /D WIN64 /D QT_DLL /D QT_CORE_LIB /D QT_NETWORK_LIB /Gm- /EHsc /MDd /GS /fp:precise /Zc:wchar_t /Zc:forScope /Fo"Debug\\" /Fd"Debug\vc120.pdb" /Gd /TP /analyze- /errorReport:prompt GeneratedFiles\Debug\moc_QGSAuthReply.cpp GeneratedFiles\Debug\moc_QGSAuthRequest.cpp GeneratedFiles\Debug\moc_QGSDownloader.cpp GeneratedFiles\Debug\moc_QGSDownloadManager.cpp GeneratedFiles\Debug\moc_QGSDownloadRequest.cpp GeneratedFiles\Debug\moc_QGSNetwork.cpp main.cpp QGSDownloader.cpp QGSDownloadManager.cpp QGSDownloadRequest.cpp QGSNetwork.cpp QGSAuthReply.cpp QGSAuthRequest.cpp
         moc_QGSAuthReply.cpp
         moc_QGSAuthRequest.cpp
         moc_QGSDownloader.cpp
         moc_QGSDownloadManager.cpp
         moc_QGSDownloadRequest.cpp
         moc_QGSNetwork.cpp
         main.cpp
         QGSDownloader.cpp
         QGSDownloadManager.cpp
         QGSDownloadRequest.cpp
         QGSNetwork.cpp
         QGSAuthReply.cpp
         QGSAuthRequest.cpp
         正在生成代码...
       Link:
         D:\Microsoft Visual Studio 12.0\VC\bin\link.exe /ERRORREPORT:PROMPT /OUT:"I:\Projects\Git\QGettingStarted\Win32\Debug\\QGettingStart_Network.exe" /NOLOGO /LIBPATH:D:\Qt\Qt5.7.1\5.7\msvc2013\lib qtmaind.lib Qt5Cored.lib Qt5Networkd.lib kernel32.lib user32.lib gdi32.lib winspool.lib comdlg32.lib advapi32.lib shell32.lib ole32.lib oleaut32.lib uuid.lib odbc32.lib odbccp32.lib /MANIFEST /MANIFESTUAC:"level='asInvoker' uiAccess='false'" /manifest:embed /DEBUG /PDB:"I:\Projects\Git\QGettingStarted\Win32\Debug\QGettingStart_Network.pdb" /SUBSYSTEM:CONSOLE /TLBID:1 /DYNAMICBASE /NXCOMPAT /IMPLIB:"I:\Projects\Git\QGettingStarted\Win32\Debug\QGettingStart_Network.lib" /MACHINE:X86 /SAFESEH Debug\moc_QGSAuthReply.obj
         Debug\moc_QGSAuthRequest.obj
         Debug\moc_QGSDownloader.obj
         Debug\moc_QGSDownloadManager.obj
         Debug\moc_QGSDownloadRequest.obj
         Debug\moc_QGSNetwork.obj
         Debug\main.obj
         Debug\QGSDownloader.obj
         Debug\QGSDownloadManager.obj
         Debug\QGSDownloadRequest.obj
         Debug\QGSNetwork.obj
         Debug\QGSAuthReply.obj
         Debug\QGSAuthRequest.obj
         QGettingStart_Network.vcxproj -> I:\Projects\Git\QGettingStarted\Win32\Debug\QGettingStart_Network.exe
     1>已完成生成项目“I:\Projects\Git\QGettingStarted\QGettingStart_Network\QGettingStart_Network.vcxproj”(Build 个目标)的操作。

生成成功。

已用时间 00:00:18.83
