生成启动时间为 2017/11/18 17:24:10。
     1>项目“I:\Projects\Git\QGettingStarted\QGettingStart\QGettingStart.vcxproj”在节点 3 上(Build 个目标)。
     1>ClCompile:
         D:\Microsoft Visual Studio 12.0\VC\bin\CL.exe /c /I. /ID:\Qt\Qt5.7.1\5.7\msvc2013\include /I.\GeneratedFiles\Debug /ID:\Qt\Qt5.7.1\5.7\msvc2013\include\QtCore /Zi /nologo /W1 /WX- /Od /Oy- /D UNICODE /D WIN32 /D WIN64 /D QT_DLL /D QT_CORE_LIB /Gm- /EHsc /MDd /GS /fp:precise /Zc:wchar_t /Zc:forScope /Fo"Debug\\" /Fd"Debug\vc120.pdb" /Gd /TP /analyze- /errorReport:prompt main.cpp QGSGame.cpp QGSGameBuilder.cpp QGSLauncher.cpp QGSUtil.cpp
         main.cpp
         QGSGame.cpp
         QGSGameBuilder.cpp
         QGSLauncher.cpp
         QGSUtil.cpp
         正在生成代码...
       Link:
         D:\Microsoft Visual Studio 12.0\VC\bin\link.exe /ERRORREPORT:PROMPT /OUT:"I:\Projects\Git\QGettingStarted\Win32\Debug\\QGettingStart.exe" /NOLOGO /LIBPATH:D:\Qt\Qt5.7.1\5.7\msvc2013\lib qtmaind.lib Qt5Cored.lib kernel32.lib user32.lib gdi32.lib winspool.lib comdlg32.lib advapi32.lib shell32.lib ole32.lib oleaut32.lib uuid.lib odbc32.lib odbccp32.lib /MANIFEST /MANIFESTUAC:"level='asInvoker' uiAccess='false'" /manifest:embed /DEBUG /PDB:"I:\Projects\Git\QGettingStarted\Win32\Debug\QGettingStart.pdb" /SUBSYSTEM:CONSOLE /TLBID:1 /DYNAMICBASE /NXCOMPAT /IMPLIB:"I:\Projects\Git\QGettingStarted\Win32\Debug\QGettingStart.lib" /MACHINE:X86 /SAFESEH Debug\main.obj
         Debug\QGSGame.obj
         Debug\QGSGameBuilder.obj
         Debug\QGSLauncher.obj
         Debug\QGSUtil.obj
         QGettingStart.vcxproj -> I:\Projects\Git\QGettingStarted\Win32\Debug\QGettingStart.exe
     1>已完成生成项目“I:\Projects\Git\QGettingStarted\QGettingStart\QGettingStart.vcxproj”(Build 个目标)的操作。

生成成功。

已用时间 00:00:14.10
